
ROM used:   408 (5%)
            408 (5%) including unused fragments

            1 Average locations per line
            4 Average locations per statement

RAM used:   13 (4%) at main() level
            28 (8%) worst case

Stack used: 6/8 worst case (1 in main + 5 for interrupts)

Lines Stmts  %   Files
----- ----- ---  -----
   28    15  15  kesme.c
  302     0   0  ..\..\..\..\Program Files (x86)\PICC\devices\16f877.h
  456    84  85  ..\..\..\..\Program Files (x86)\PICC\drivers\lcd.c
----- -----
  786    99 Total

Page ROM  %  RAM   Vol Diff  Functions:
---- --- --- ---   --- ----  ----------
0     13   3   1             @delay_ms1
0      8   2   0   156  3.1  @const73
 Inline        3   596  5.9  lcd_read_byte
0      6   1   0    59  4.2  lcd_read_nibble
0     11   3   1   179  3.3  lcd_send_nibble
0     63  15   3   460  4.7  lcd_send_byte
 Inline        2   667  5.9  lcd_init
0     18   4   4   208  6.3  lcd_gotoxy
0     46  11   1   354  4.7  lcd_putc
0    145  36   1    94  1.5  ext_kesmesi
0      9   2   0             @const104
 Inline        4             @PSTRINGC7_91
0     42  10   0   147  1.8  MAIN
 Inline        0             @cinit1

Program metrics:
    Functions               10
    Statements              99
    Comments                180
    Volume (V)              4652
    Difficulty (D)          40.2
    Effort to implement (E) 186876
    Time to implement (T)   2 hours, 53 minutes
    Est Delivered Bugs (B)  1
    Cyclomatic Complexity   9
    Maintainability (MI)    116

 Segment     Used  Free
-----------  ----  ----
00000-00003     4  0  
00004-0002E    43  0  
0002F-007FF   361  1640  
00800-00FFF     0  2048  
01000-017FF     0  2048  
01800-01FFF     0  2048  



